<?xml version="1.0" encoding="UTF-8"?>
<!-- Generated by org.testng.reporters.JUnitXMLReporter -->
<testsuite hostname="DESKTOP-78P0D72" ignored="0" name="CantrumApp Test" tests="10" failures="0" timestamp="17 Sep 2019 05:47:21 GMT" time="141.238" errors="0">
  <testcase name="loginTest" time="3.266" classname="com.CentrumFinvisage.testCases.Logintest"/>
  <testcase name="createAnchor" time="6.339" classname="com.CentrumFinvisage.testCases.CreateAnchor"/>
  <testcase name="assignAnchorToUser" time="9.762" classname="com.CentrumFinvisage.testCases.AssignAnchorToUser"/>
  <testcase name="createProgram" time="7.975" classname="com.CentrumFinvisage.testCases.CreateProgram"/>
  <testcase name="createFacility" time="6.394" classname="com.CentrumFinvisage.testCases.CreateFacility"/>
  <testcase name="createLender" time="7.573" classname="com.CentrumFinvisage.testCases.CreateLender"/>
  <testcase name="assignLenderUser" time="9.269" classname="com.CentrumFinvisage.testCases.AssignLenderToUser"/>
  <testcase name="createExternalParty" time="10.283" classname="com.CentrumFinvisage.testCases.CreateExternalParty"/>
  <testcase name="createForecastView" time="13.421" classname="com.CentrumFinvisage.testCases.CreateForecastView"/>
  <testcase name="createNewInvoice" time="22.952" classname="com.CentrumFinvisage.testCases.CreateNewInvoice"/>
</testsuite> <!-- CantrumApp Test -->
